C:\USERS\JAREK\DOCUMENTS\_PROJECTS\FREEWILL\DEBUG\FWSTARTER.EXE
C:\USERS\JAREK\DOCUMENTS\_PROJECTS\FREEWILL\DEBUG\FWSTARTER.ILK
C:\USERS\JAREK\DOCUMENTS\_PROJECTS\FREEWILL\DEBUG\FWSTARTER.PDB
C:\USERS\JAREK\DOCUMENTS\_PROJECTS\FREEWILL\FWSTARTER\DEBUG\BLOCK.OBJ
C:\USERS\JAREK\DOCUMENTS\_PROJECTS\FREEWILL\FWSTARTER\DEBUG\CAMERA.OBJ
C:\USERS\JAREK\DOCUMENTS\_PROJECTS\FREEWILL\FWSTARTER\DEBUG\CHILDVIEW.OBJ
C:\Users\Jarek\Documents\_projects\freewill\FWStarter\Debug\cl.command.1.tlog
C:\Users\Jarek\Documents\_projects\freewill\FWStarter\Debug\CL.read.1.tlog
C:\Users\Jarek\Documents\_projects\freewill\FWStarter\Debug\CL.write.1.tlog
C:\USERS\JAREK\DOCUMENTS\_PROJECTS\FREEWILL\FWSTARTER\DEBUG\FWSTARTER.EXE.EMBED.MANIFEST
C:\USERS\JAREK\DOCUMENTS\_PROJECTS\FREEWILL\FWSTARTER\DEBUG\FWSTARTER.EXE.EMBED.MANIFEST.RES
C:\USERS\JAREK\DOCUMENTS\_PROJECTS\FREEWILL\FWSTARTER\DEBUG\FWSTARTER.EXE.INTERMEDIATE.MANIFEST
C:\USERS\JAREK\DOCUMENTS\_PROJECTS\FREEWILL\FWSTARTER\DEBUG\FWSTARTER.OBJ
C:\USERS\JAREK\DOCUMENTS\_PROJECTS\FREEWILL\FWSTARTER\DEBUG\FWSTARTER.PCH
C:\USERS\JAREK\DOCUMENTS\_PROJECTS\FREEWILL\FWSTARTER\DEBUG\FWSTARTER.RES
C:\Users\Jarek\Documents\_projects\freewill\FWStarter\Debug\FWStarter_manifest.rc
C:\Users\Jarek\Documents\_projects\freewill\FWStarter\Debug\link.1860.read.1.tlog
C:\Users\Jarek\Documents\_projects\freewill\FWStarter\Debug\link.1860.write.1.tlog
C:\Users\Jarek\Documents\_projects\freewill\FWStarter\Debug\link.1860-cvtres.read.1.tlog
C:\Users\Jarek\Documents\_projects\freewill\FWStarter\Debug\link.1860-cvtres.write.1.tlog
C:\Users\Jarek\Documents\_projects\freewill\FWStarter\Debug\link.3216.read.1.tlog
C:\Users\Jarek\Documents\_projects\freewill\FWStarter\Debug\link.3216.write.1.tlog
C:\Users\Jarek\Documents\_projects\freewill\FWStarter\Debug\link.3216-cvtres.read.1.tlog
C:\Users\Jarek\Documents\_projects\freewill\FWStarter\Debug\link.3216-cvtres.write.1.tlog
C:\Users\Jarek\Documents\_projects\freewill\FWStarter\Debug\link.3860.read.1.tlog
C:\Users\Jarek\Documents\_projects\freewill\FWStarter\Debug\link.3860.write.1.tlog
C:\Users\Jarek\Documents\_projects\freewill\FWStarter\Debug\link.3860-cvtres.read.1.tlog
C:\Users\Jarek\Documents\_projects\freewill\FWStarter\Debug\link.3860-cvtres.write.1.tlog
C:\Users\Jarek\Documents\_projects\freewill\FWStarter\Debug\link.5360.read.1.tlog
C:\Users\Jarek\Documents\_projects\freewill\FWStarter\Debug\link.5360.write.1.tlog
C:\Users\Jarek\Documents\_projects\freewill\FWStarter\Debug\link.5360-cvtres.read.1.tlog
C:\Users\Jarek\Documents\_projects\freewill\FWStarter\Debug\link.5360-cvtres.write.1.tlog
C:\Users\Jarek\Documents\_projects\freewill\FWStarter\Debug\link.5936.read.1.tlog
C:\Users\Jarek\Documents\_projects\freewill\FWStarter\Debug\link.5936.write.1.tlog
C:\Users\Jarek\Documents\_projects\freewill\FWStarter\Debug\link.5936-cvtres.read.1.tlog
C:\Users\Jarek\Documents\_projects\freewill\FWStarter\Debug\link.5936-cvtres.write.1.tlog
C:\Users\Jarek\Documents\_projects\freewill\FWStarter\Debug\link.6216.read.1.tlog
C:\Users\Jarek\Documents\_projects\freewill\FWStarter\Debug\link.6216.write.1.tlog
C:\Users\Jarek\Documents\_projects\freewill\FWStarter\Debug\link.6216-cvtres.read.1.tlog
C:\Users\Jarek\Documents\_projects\freewill\FWStarter\Debug\link.6216-cvtres.write.1.tlog
C:\Users\Jarek\Documents\_projects\freewill\FWStarter\Debug\link.6504.read.1.tlog
C:\Users\Jarek\Documents\_projects\freewill\FWStarter\Debug\link.6504.write.1.tlog
C:\Users\Jarek\Documents\_projects\freewill\FWStarter\Debug\link.6504-cvtres.read.1.tlog
C:\Users\Jarek\Documents\_projects\freewill\FWStarter\Debug\link.6504-cvtres.write.1.tlog
C:\Users\Jarek\Documents\_projects\freewill\FWStarter\Debug\link.6980.read.1.tlog
C:\Users\Jarek\Documents\_projects\freewill\FWStarter\Debug\link.6980.write.1.tlog
C:\Users\Jarek\Documents\_projects\freewill\FWStarter\Debug\link.6980-cvtres.read.1.tlog
C:\Users\Jarek\Documents\_projects\freewill\FWStarter\Debug\link.6980-cvtres.write.1.tlog
C:\Users\Jarek\Documents\_projects\freewill\FWStarter\Debug\link.864.read.1.tlog
C:\Users\Jarek\Documents\_projects\freewill\FWStarter\Debug\link.864.write.1.tlog
C:\Users\Jarek\Documents\_projects\freewill\FWStarter\Debug\link.864-cvtres.read.1.tlog
C:\Users\Jarek\Documents\_projects\freewill\FWStarter\Debug\link.864-cvtres.write.1.tlog
C:\Users\Jarek\Documents\_projects\freewill\FWStarter\Debug\link.command.1.tlog
C:\Users\Jarek\Documents\_projects\freewill\FWStarter\Debug\link.read.1.tlog
C:\Users\Jarek\Documents\_projects\freewill\FWStarter\Debug\link.write.1.tlog
C:\Users\Jarek\Documents\_projects\freewill\FWStarter\Debug\link-cvtres.read.1.tlog
C:\Users\Jarek\Documents\_projects\freewill\FWStarter\Debug\link-cvtres.write.1.tlog
C:\USERS\JAREK\DOCUMENTS\_PROJECTS\FREEWILL\FWSTARTER\DEBUG\MAINFRM.OBJ
C:\Users\Jarek\Documents\_projects\freewill\FWStarter\Debug\mt.command.1.tlog
C:\Users\Jarek\Documents\_projects\freewill\FWStarter\Debug\mt.read.1.tlog
C:\Users\Jarek\Documents\_projects\freewill\FWStarter\Debug\mt.write.1.tlog
C:\Users\Jarek\Documents\_projects\freewill\FWStarter\Debug\rc.command.1.tlog
C:\Users\Jarek\Documents\_projects\freewill\FWStarter\Debug\rc.read.1.tlog
C:\Users\Jarek\Documents\_projects\freewill\FWStarter\Debug\rc.write.1.tlog
C:\USERS\JAREK\DOCUMENTS\_PROJECTS\FREEWILL\FWSTARTER\DEBUG\STDAFX.OBJ
C:\Users\Jarek\Documents\_projects\freewill\FWStarter\Debug\vc100.idb
C:\USERS\JAREK\DOCUMENTS\_PROJECTS\FREEWILL\FWSTARTER\DEBUG\VC100.PDB
