Build started 21/04/2012 21:00:59.
     1>Project "C:\Users\Jarek\Documents\_projects\freewill\FWStarter\FWStarter.vcxproj" on node 2 (build target(s)).
     1>InitializeBuildStatus:
         Creating "Debug\FWStarter.unsuccessfulbuild" because "AlwaysCreate" was specified.
       ClCompile:
         All outputs are up-to-date.
         All outputs are up-to-date.
       ResourceCompile:
         All outputs are up-to-date.
       ManifestResourceCompile:
         All outputs are up-to-date.
       Link:
         All outputs are up-to-date.
       Manifest:
         All outputs are up-to-date.
         All outputs are up-to-date.
       FinalizeBuildStatus:
         Deleting file "Debug\FWStarter.unsuccessfulbuild".
         Touching "Debug\FWStarter.lastbuildstate".
     1>Done Building Project "C:\Users\Jarek\Documents\_projects\freewill\FWStarter\FWStarter.vcxproj" (build target(s)).

Build succeeded.

Time Elapsed 00:00:00.10
